app/build/outputs/logs/manifest-merger-debug-report.txt
-- Merging decision tree log ---
manifest
ADDED from src/main/AndroidManifest.xml:2:1-93:12
	package
		ADDED from src/main/AndroidManifest.xml:3:5-27
		INJECTED from src/main/AndroidManifest.xml
		INJECTED from src/main/AndroidManifest.xml
	android:versionName
		ADDED from src/main/AndroidManifest.xml:5:5-30
		INJECTED from src/main/AndroidManifest.xml
		INJECTED from src/main/AndroidManifest.xml
	android:versionCode
		ADDED from src/main/AndroidManifest.xml:4:5-28
		INJECTED from src/main/AndroidManifest.xml
		INJECTED from src/main/AndroidManifest.xml
	xmlns:android
		ADDED from src/main/AndroidManifest.xml:2:11-69
uses-sdk
ADDED from src/main/AndroidManifest.xml:7:5-9:41
MERGED from [com.android.volley:volley:unspecified] AndroidManifest.xml:7:5-43
MERGED from [com.android.support:design:24.2.0] AndroidManifest.xml:20:5-43
MERGED from [com.android.support:appcompat-v7:24.2.0] AndroidManifest.xml:21:5-23:78
MERGED from [com.android.support:animated-vector-drawable:24.2.0] AndroidManifest.xml:20:5-44
MERGED from [com.android.support:support-vector-drawable:24.2.0] AndroidManifest.xml:21:5-43
MERGED from [com.android.support:recyclerview-v7:24.2.0] AndroidManifest.xml:20:5-43
MERGED from [com.jakewharton:butterknife:8.4.0] AndroidManifest.xml:5:5-43
MERGED from [com.android.support:support-v4:24.2.0] AndroidManifest.xml:21:5-23:54
MERGED from [com.android.support:support-fragment:24.2.0] AndroidManifest.xml:21:5-23:60
MERGED from [com.android.support:support-core-utils:24.2.0] AndroidManifest.xml:21:5-23:61
MERGED from [com.android.support:support-media-compat:24.2.0] AndroidManifest.xml:21:5-23:63
MERGED from [com.android.support:support-core-ui:24.2.0] AndroidManifest.xml:21:5-23:58
MERGED from [com.android.support:support-compat:24.2.0] AndroidManifest.xml:21:5-23:58
	tools:overrideLibrary
		ADDED from [com.android.support:appcompat-v7:24.2.0] AndroidManifest.xml:23:9-75
	android:targetSdkVersion
		ADDED from src/main/AndroidManifest.xml:9:9-38
		INJECTED from src/main/AndroidManifest.xml
		INJECTED from src/main/AndroidManifest.xml
	android:minSdkVersion
		ADDED from src/main/AndroidManifest.xml:8:9-35
		INJECTED from src/main/AndroidManifest.xml
		INJECTED from src/main/AndroidManifest.xml
uses-permission#android.permission.INTERNET
ADDED from src/main/AndroidManifest.xml:11:5-67
	android:name
		ADDED from src/main/AndroidManifest.xml:11:22-64
uses-permission#android.permission.ACCESS_NETWORK_STATE
ADDED from src/main/AndroidManifest.xml:12:5-79
	android:name
		ADDED from src/main/AndroidManifest.xml:12:22-76
uses-permission#android.permission.WRITE_EXTERNAL_STORAGE
ADDED from src/main/AndroidManifest.xml:13:5-81
	android:name
		ADDED from src/main/AndroidManifest.xml:13:22-78
android:uses-permission#android.permission.READ_PHONE_STATE
ADDED from src/main/AndroidManifest.xml:15:5-83
	android:name
		ADDED from src/main/AndroidManifest.xml:15:30-80
android:uses-permission#android.permission.READ_EXTERNAL_STORAGE
ADDED from src/main/AndroidManifest.xml:16:5-88
	android:name
		ADDED from src/main/AndroidManifest.xml:16:30-85
application
ADDED from src/main/AndroidManifest.xml:18:5-91:19
MERGED from [com.android.volley:volley:unspecified] AndroidManifest.xml:9:5-20
MERGED from [com.android.support:design:24.2.0] AndroidManifest.xml:22:5-20
MERGED from [com.android.support:appcompat-v7:24.2.0] AndroidManifest.xml:25:5-20
MERGED from [com.android.support:animated-vector-drawable:24.2.0] AndroidManifest.xml:22:5-20
MERGED from [com.android.support:support-vector-drawable:24.2.0] AndroidManifest.xml:23:5-20
MERGED from [com.android.support:support-v4:24.2.0] AndroidManifest.xml:25:5-20
MERGED from [com.android.support:support-fragment:24.2.0] AndroidManifest.xml:25:5-20
MERGED from [com.android.support:support-core-utils:24.2.0] AndroidManifest.xml:25:5-20
MERGED from [com.android.support:support-media-compat:24.2.0] AndroidManifest.xml:25:5-20
MERGED from [com.android.support:support-core-ui:24.2.0] AndroidManifest.xml:25:5-20
MERGED from [com.android.support:support-compat:24.2.0] AndroidManifest.xml:25:5-20
	android:label
		ADDED from src/main/AndroidManifest.xml:22:9-41
	android:allowBackup
		ADDED from src/main/AndroidManifest.xml:20:9-35
	android:icon
		ADDED from src/main/AndroidManifest.xml:21:9-43
	android:theme
		ADDED from src/main/AndroidManifest.xml:23:9-40
	android:name
		ADDED from src/main/AndroidManifest.xml:19:9-44
activity#r.aditya.bce.splash
ADDED from src/main/AndroidManifest.xml:24:9-34:20
	android:screenOrientation
		ADDED from src/main/AndroidManifest.xml:27:13-49
	android:label
		ADDED from src/main/AndroidManifest.xml:26:13-45
	android:theme
		ADDED from src/main/AndroidManifest.xml:28:13-71
	android:name
		ADDED from src/main/AndroidManifest.xml:25:13-35
intent-filter#android.intent.action.MAIN+android.intent.category.LAUNCHER
ADDED from src/main/AndroidManifest.xml:29:13-33:29
action#android.intent.action.MAIN
ADDED from src/main/AndroidManifest.xml:30:17-69
	android:name
		ADDED from src/main/AndroidManifest.xml:30:25-66
category#android.intent.category.LAUNCHER
ADDED from src/main/AndroidManifest.xml:32:17-77
	android:name
		ADDED from src/main/AndroidManifest.xml:32:27-74
activity#r.aditya.bce.MainActivity
ADDED from src/main/AndroidManifest.xml:35:9-38:74
	android:screenOrientation
		ADDED from src/main/AndroidManifest.xml:37:13-49
	android:theme
		ADDED from src/main/AndroidManifest.xml:38:13-71
	android:name
		ADDED from src/main/AndroidManifest.xml:36:13-41
activity#r.aditya.bce.aboutus
ADDED from src/main/AndroidManifest.xml:39:9-42:74
	android:screenOrientation
		ADDED from src/main/AndroidManifest.xml:41:13-49
	android:theme
		ADDED from src/main/AndroidManifest.xml:42:13-71
	android:name
		ADDED from src/main/AndroidManifest.xml:40:13-36
activity#r.aditya.bce.academics
ADDED from src/main/AndroidManifest.xml:43:9-46:74
	android:screenOrientation
		ADDED from src/main/AndroidManifest.xml:45:13-49
	android:theme
		ADDED from src/main/AndroidManifest.xml:46:13-71
	android:name
		ADDED from src/main/AndroidManifest.xml:44:13-38
activity#r.aditya.bce.club
ADDED from src/main/AndroidManifest.xml:47:9-50:74
	android:screenOrientation
		ADDED from src/main/AndroidManifest.xml:49:13-49
	android:theme
		ADDED from src/main/AndroidManifest.xml:50:13-71
	android:name
		ADDED from src/main/AndroidManifest.xml:48:13-33
activity#r.aditya.bce.payment
ADDED from src/main/AndroidManifest.xml:51:9-54:74
	android:screenOrientation
		ADDED from src/main/AndroidManifest.xml:53:13-49
	android:theme
		ADDED from src/main/AndroidManifest.xml:54:13-71
	android:name
		ADDED from src/main/AndroidManifest.xml:52:13-36
activity#r.aditya.bce.Activity_Register
ADDED from src/main/AndroidManifest.xml:55:9-58:72
	android:screenOrientation
		ADDED from src/main/AndroidManifest.xml:57:13-49
	android:theme
		ADDED from src/main/AndroidManifest.xml:58:13-69
	android:name
		ADDED from src/main/AndroidManifest.xml:56:13-46
activity#r.aditya.bce.cell
ADDED from src/main/AndroidManifest.xml:59:9-62:74
	android:screenOrientation
		ADDED from src/main/AndroidManifest.xml:61:13-49
	android:theme
		ADDED from src/main/AndroidManifest.xml:62:13-71
	android:name
		ADDED from src/main/AndroidManifest.xml:60:13-33
activity#r.aditya.bce.calender
ADDED from src/main/AndroidManifest.xml:63:9-66:58
	android:screenOrientation
		ADDED from src/main/AndroidManifest.xml:65:13-49
	android:theme
		ADDED from src/main/AndroidManifest.xml:66:13-55
	android:name
		ADDED from src/main/AndroidManifest.xml:64:13-37
activity#r.aditya.bce.Approval_list
ADDED from src/main/AndroidManifest.xml:67:9-70:58
	android:screenOrientation
		ADDED from src/main/AndroidManifest.xml:69:13-49
	android:theme
		ADDED from src/main/AndroidManifest.xml:70:13-55
	android:name
		ADDED from src/main/AndroidManifest.xml:68:13-42
activity#r.aditya.bce.student_list
ADDED from src/main/AndroidManifest.xml:71:9-74:58
	android:screenOrientation
		ADDED from src/main/AndroidManifest.xml:73:13-49
	android:theme
		ADDED from src/main/AndroidManifest.xml:74:13-55
	android:name
		ADDED from src/main/AndroidManifest.xml:72:13-41
activity#r.aditya.bce.Notice
ADDED from src/main/AndroidManifest.xml:75:9-78:58
	android:screenOrientation
		ADDED from src/main/AndroidManifest.xml:77:13-49
	android:theme
		ADDED from src/main/AndroidManifest.xml:78:13-55
	android:name
		ADDED from src/main/AndroidManifest.xml:76:13-35
activity#r.aditya.bce.Activity_Login
ADDED from src/main/AndroidManifest.xml:79:9-82:74
	android:screenOrientation
		ADDED from src/main/AndroidManifest.xml:81:13-49
	android:theme
		ADDED from src/main/AndroidManifest.xml:82:13-71
	android:name
		ADDED from src/main/AndroidManifest.xml:80:13-43
activity#r.aditya.bce.Activity_Main
ADDED from src/main/AndroidManifest.xml:83:9-86:79
	android:screenOrientation
		ADDED from src/main/AndroidManifest.xml:85:13-49
	android:theme
		ADDED from src/main/AndroidManifest.xml:86:13-76
	android:name
		ADDED from src/main/AndroidManifest.xml:84:13-42
activity#r.aditya.bce.contact
ADDED from src/main/AndroidManifest.xml:87:9-90:80
	android:screenOrientation
		ADDED from src/main/AndroidManifest.xml:89:13-49
	android:theme
		ADDED from src/main/AndroidManifest.xml:90:13-77
	android:name
		ADDED from src/main/AndroidManifest.xml:88:13-36